current directory: /home/runner/work/R-Bestiarium/R-Bestiarium/.vendor/bundle/ruby/2.7.0/gems/racc-1.6.0/ext/racc/cparse
/opt/hostedtoolcache/Ruby/2.7.6/x64/bin/ruby -I /opt/hostedtoolcache/Ruby/2.7.6/x64/lib/ruby/2.7.0 -r ./siteconf20220826-15275-urb22m.rb extconf.rb
checking for rb_block_call()... yes
checking for rb_ary_subseq()... yes
creating Makefile

current directory: /home/runner/work/R-Bestiarium/R-Bestiarium/.vendor/bundle/ruby/2.7.0/gems/racc-1.6.0/ext/racc/cparse
make "DESTDIR=" clean
make[1]: Entering directory '/home/runner/work/R-Bestiarium/R-Bestiarium/.vendor/bundle/ruby/2.7.0/gems/racc-1.6.0/ext/racc/cparse'
Makefile:175: warning: overriding recipe for target 'clean'
pÑy®ÎU:175: warning: ignoring old recipe for target 'clean'
Makefile:182: warning: overriding recipe for target 'distclean'
pÑy®ÎU:182: warning: ignoring old recipe for target 'distclean'
Makefile:190: warning: overriding recipe for target 'install-so'
pÑy®ÎU:190: warning: ignoring old recipe for target 'install-so'
Makefile:200: warning: overriding recipe for target 'pre-install-rb-default'
pÑy®ÎU:200: warning: ignoring old recipe for target 'pre-install-rb-default'
Makefile:202: warning: overriding recipe for target '.sitearchdir.-.racc.time'
pÑy®ÎU:202: warning: ignoring old recipe for target '.sitearchdir.-.racc.time'
Makefile:212: warning: overriding recipe for target '.cc.o'
pÑy®ÎU:212: warning: ignoring old recipe for target '.cc.o'
Makefile:216: warning: overriding recipe for target '.cc.S'
pÑy®ÎU:216: warning: ignoring old recipe for target '.cc.S'
Makefile:220: warning: overriding recipe for target '.mm.o'
pÑy®ÎU:220: warning: ignoring old recipe for target '.mm.o'
Makefile:224: warning: overriding recipe for target '.mm.S'
pÑy®ÎU:224: warning: ignoring old recipe for target '.mm.S'
Makefile:228: warning: overriding recipe for target '.cxx.o'
pÑy®ÎU:228: warning: ignoring old recipe for target '.cxx.o'
Makefile:232: warning: overriding recipe for target '.cxx.S'
pÑy®ÎU:232: warning: ignoring old recipe for target '.cxx.S'
Makefile:236: warning: overriding recipe for target '.cpp.o'
pÑy®ÎU:236: warning: ignoring old recipe for target '.cpp.o'
Makefile:240: warning: overriding recipe for target '.cpp.S'
pÑy®ÎU:240: warning: ignoring old recipe for target '.cpp.S'
Makefile:244: warning: overriding recipe for target '.c.o'
pÑy®ÎU:244: warning: ignoring old recipe for target '.c.o'
Makefile:248: warning: overriding recipe for target '.c.S'
pÑy®ÎU:248: warning: ignoring old recipe for target '.c.S'
Makefile:252: warning: overriding recipe for target '.m.o'
pÑy®ÎU:252: warning: ignoring old recipe for target '.m.o'
Makefile:256: warning: overriding recipe for target '.m.S'
pÑy®ÎU:256: warning: ignoring old recipe for target '.m.S'
Makefile:260: warning: overriding recipe for target 'cparse.so'
pÑy®ÎU:260: warning: ignoring old recipe for target 'cparse.so'
make[1]: Leaving directory '/home/runner/work/R-Bestiarium/R-Bestiarium/.vendor/bundle/ruby/2.7.0/gems/racc-1.6.0/ext/racc/cparse'

current directory: /home/runner/work/R-Bestiarium/R-Bestiarium/.vendor/bundle/ruby/2.7.0/gems/racc-1.6.0/ext/racc/cparse
make "DESTDIR="
make[1]: Entering directory '/home/runner/work/R-Bestiarium/R-Bestiarium/.vendor/bundle/ruby/2.7.0/gems/racc-1.6.0/ext/racc/cparse'
Makefile:175: warning: overriding recipe for target 'clean'
pqÈÿíU:175: warning: ignoring old recipe for target 'clean'
Makefile:182: warning: overriding recipe for target 'distclean'
pqÈÿíU:182: warning: ignoring old recipe for target 'distclean'
Makefile:190: warning: overriding recipe for target 'install-so'
pqÈÿíU:190: warning: ignoring old recipe for target 'install-so'
Makefile:200: warning: overriding recipe for target 'pre-install-rb-default'
pqÈÿíU:200: warning: ignoring old recipe for target 'pre-install-rb-default'
Makefile:202: warning: overriding recipe for target '.sitearchdir.-.racc.time'
pqÈÿíU:202: warning: ignoring old recipe for target '.sitearchdir.-.racc.time'
Makefile:212: warning: overriding recipe for target '.cc.o'
pqÈÿíU:212: warning: ignoring old recipe for target '.cc.o'
Makefile:216: warning: overriding recipe for target '.cc.S'
pqÈÿíU:216: warning: ignoring old recipe for target '.cc.S'
Makefile:220: warning: overriding recipe for target '.mm.o'
pqÈÿíU:220: warning: ignoring old recipe for target '.mm.o'
Makefile:224: warning: overriding recipe for target '.mm.S'
pqÈÿíU:224: warning: ignoring old recipe for target '.mm.S'
Makefile:228: warning: overriding recipe for target '.cxx.o'
pqÈÿíU:228: warning: ignoring old recipe for target '.cxx.o'
Makefile:232: warning: overriding recipe for target '.cxx.S'
pqÈÿíU:232: warning: ignoring old recipe for target '.cxx.S'
Makefile:236: warning: overriding recipe for target '.cpp.o'
pqÈÿíU:236: warning: ignoring old recipe for target '.cpp.o'
Makefile:240: warning: overriding recipe for target '.cpp.S'
pqÈÿíU:240: warning: ignoring old recipe for target '.cpp.S'
Makefile:244: warning: overriding recipe for target '.c.o'
pqÈÿíU:244: warning: ignoring old recipe for target '.c.o'
Makefile:248: warning: overriding recipe for target '.c.S'
pqÈÿíU:248: warning: ignoring old recipe for target '.c.S'
Makefile:252: warning: overriding recipe for target '.m.o'
pqÈÿíU:252: warning: ignoring old recipe for target '.m.o'
Makefile:256: warning: overriding recipe for target '.m.S'
pqÈÿíU:256: warning: ignoring old recipe for target '.m.S'
Makefile:260: warning: overriding recipe for target 'cparse.so'
pqÈÿíU:260: warning: ignoring old recipe for target 'cparse.so'
compiling cparse.c
linking shared-object racc/cparse.so
make[1]: Leaving directory '/home/runner/work/R-Bestiarium/R-Bestiarium/.vendor/bundle/ruby/2.7.0/gems/racc-1.6.0/ext/racc/cparse'

current directory: /home/runner/work/R-Bestiarium/R-Bestiarium/.vendor/bundle/ruby/2.7.0/gems/racc-1.6.0/ext/racc/cparse
make "DESTDIR=" install
make[1]: Entering directory '/home/runner/work/R-Bestiarium/R-Bestiarium/.vendor/bundle/ruby/2.7.0/gems/racc-1.6.0/ext/racc/cparse'
Makefile:175: warning: overriding recipe for target 'clean'
p±æ·ÑU:175: warning: ignoring old recipe for target 'clean'
Makefile:182: warning: overriding recipe for target 'distclean'
p±æ·ÑU:182: warning: ignoring old recipe for target 'distclean'
Makefile:190: warning: overriding recipe for target 'install-so'
p±æ·ÑU:190: warning: ignoring old recipe for target 'install-so'
Makefile:200: warning: overriding recipe for target 'pre-install-rb-default'
p±æ·ÑU:200: warning: ignoring old recipe for target 'pre-install-rb-default'
Makefile:202: warning: overriding recipe for target '.sitearchdir.-.racc.time'
p±æ·ÑU:202: warning: ignoring old recipe for target '.sitearchdir.-.racc.time'
Makefile:212: warning: overriding recipe for target '.cc.o'
p±æ·ÑU:212: warning: ignoring old recipe for target '.cc.o'
Makefile:216: warning: overriding recipe for target '.cc.S'
p±æ·ÑU:216: warning: ignoring old recipe for target '.cc.S'
Makefile:220: warning: overriding recipe for target '.mm.o'
p±æ·ÑU:220: warning: ignoring old recipe for target '.mm.o'
Makefile:224: warning: overriding recipe for target '.mm.S'
p±æ·ÑU:224: warning: ignoring old recipe for target '.mm.S'
Makefile:228: warning: overriding recipe for target '.cxx.o'
p±æ·ÑU:228: warning: ignoring old recipe for target '.cxx.o'
Makefile:232: warning: overriding recipe for target '.cxx.S'
p±æ·ÑU:232: warning: ignoring old recipe for target '.cxx.S'
Makefile:236: warning: overriding recipe for target '.cpp.o'
p±æ·ÑU:236: warning: ignoring old recipe for target '.cpp.o'
Makefile:240: warning: overriding recipe for target '.cpp.S'
p±æ·ÑU:240: warning: ignoring old recipe for target '.cpp.S'
Makefile:244: warning: overriding recipe for target '.c.o'
p±æ·ÑU:244: warning: ignoring old recipe for target '.c.o'
Makefile:248: warning: overriding recipe for target '.c.S'
p±æ·ÑU:248: warning: ignoring old recipe for target '.c.S'
Makefile:252: warning: overriding recipe for target '.m.o'
p±æ·ÑU:252: warning: ignoring old recipe for target '.m.o'
Makefile:256: warning: overriding recipe for target '.m.S'
p±æ·ÑU:256: warning: ignoring old recipe for target '.m.S'
Makefile:260: warning: overriding recipe for target 'cparse.so'
p±æ·ÑU:260: warning: ignoring old recipe for target 'cparse.so'
/usr/bin/install -c -m 0755 cparse.so ./.gem.20220826-15275-30zmmq/racc
make[1]: Leaving directory '/home/runner/work/R-Bestiarium/R-Bestiarium/.vendor/bundle/ruby/2.7.0/gems/racc-1.6.0/ext/racc/cparse'
